Analysis & Synthesis report for pill_music
Mon Sep 10 23:01:05 2018
Quartus II 64-Bit Version 13.0.0 Build 156 04/24/2013 SJ Web Edition


---------------------
; Table of Contents ;
---------------------
  1. Legal Notice
  2. Analysis & Synthesis Summary
  3. Analysis & Synthesis Settings
  4. Parallel Compilation
  5. Analysis & Synthesis Source Files Read
  6. Analysis & Synthesis Resource Usage Summary
  7. Analysis & Synthesis Resource Utilization by Entity
  8. User-Specified and Inferred Latches
  9. Parameter Settings for Inferred Entity Instance: setting:inst|lpm_counter:total_pill_h_rtl_0
 10. Parameter Settings for Inferred Entity Instance: setting:inst|lpm_counter:bot_num_h_rtl_0
 11. Parameter Settings for Inferred Entity Instance: music_reader:inst1|lpm_counter:count_rtl_0
 12. Parameter Settings for Inferred Entity Instance: ElectricPiano:inst2|lpm_counter:time1_rtl_0
 13. Analysis & Synthesis Messages



----------------
; Legal Notice ;
----------------
Copyright (C) 1991-2013 Altera Corporation
Your use of Altera Corporation's design tools, logic functions 
and other software and tools, and its AMPP partner logic 
functions, and any output files from any of the foregoing 
(including device programming or simulation files), and any 
associated documentation or information are expressly subject 
to the terms and conditions of the Altera Program License 
Subscription Agreement, Altera MegaCore Function License 
Agreement, or other applicable license agreement, including, 
without limitation, that your use is for the sole purpose of 
programming logic devices manufactured by Altera and sold by 
Altera or its authorized distributors.  Please refer to the 
applicable agreement for further details.



+--------------------------------------------------------------------------+
; Analysis & Synthesis Summary                                             ;
+-----------------------------+--------------------------------------------+
; Analysis & Synthesis Status ; Successful - Mon Sep 10 23:01:05 2018      ;
; Quartus II 64-Bit Version   ; 13.0.0 Build 156 04/24/2013 SJ Web Edition ;
; Revision Name               ; pill_music                                 ;
; Top-level Entity Name       ; pill_music                                 ;
; Family                      ; MAX7000S                                   ;
; Total macrocells            ; 106                                        ;
; Total pins                  ; 33                                         ;
+-----------------------------+--------------------------------------------+


+--------------------------------------------------------------------------------------------------------------+
; Analysis & Synthesis Settings                                                                                ;
+----------------------------------------------------------------------------+-----------------+---------------+
; Option                                                                     ; Setting         ; Default Value ;
+----------------------------------------------------------------------------+-----------------+---------------+
; Device                                                                     ; EPM7128SLC84-15 ;               ;
; Top-level entity name                                                      ; pill_music      ; pill_music    ;
; Family name                                                                ; MAX7000S        ; Cyclone IV GX ;
; Optimization Technique                                                     ; Area            ; Speed         ;
; Use smart compilation                                                      ; Off             ; Off           ;
; Enable parallel Assembler and TimeQuest Timing Analyzer during compilation ; On              ; On            ;
; Enable compact report table                                                ; Off             ; Off           ;
; Create Debugging Nodes for IP Cores                                        ; Off             ; Off           ;
; Preserve fewer node names                                                  ; On              ; On            ;
; Disable OpenCore Plus hardware evaluation                                  ; Off             ; Off           ;
; Verilog Version                                                            ; Verilog_2001    ; Verilog_2001  ;
; VHDL Version                                                               ; VHDL_1993       ; VHDL_1993     ;
; State Machine Processing                                                   ; Auto            ; Auto          ;
; Safe State Machine                                                         ; Off             ; Off           ;
; Extract Verilog State Machines                                             ; On              ; On            ;
; Extract VHDL State Machines                                                ; On              ; On            ;
; Ignore Verilog initial constructs                                          ; Off             ; Off           ;
; Iteration limit for constant Verilog loops                                 ; 5000            ; 5000          ;
; Iteration limit for non-constant Verilog loops                             ; 250             ; 250           ;
; Add Pass-Through Logic to Inferred RAMs                                    ; On              ; On            ;
; Infer RAMs from Raw Logic                                                  ; On              ; On            ;
; Parallel Synthesis                                                         ; On              ; On            ;
; NOT Gate Push-Back                                                         ; On              ; On            ;
; Power-Up Don't Care                                                        ; On              ; On            ;
; Remove Duplicate Registers                                                 ; On              ; On            ;
; Ignore CARRY Buffers                                                       ; Off             ; Off           ;
; Ignore CASCADE Buffers                                                     ; Off             ; Off           ;
; Ignore GLOBAL Buffers                                                      ; Off             ; Off           ;
; Ignore ROW GLOBAL Buffers                                                  ; Off             ; Off           ;
; Ignore LCELL Buffers                                                       ; Auto            ; Auto          ;
; Ignore SOFT Buffers                                                        ; Off             ; Off           ;
; Limit AHDL Integers to 32 Bits                                             ; Off             ; Off           ;
; Allow XOR Gate Usage                                                       ; On              ; On            ;
; Auto Logic Cell Insertion                                                  ; On              ; On            ;
; Parallel Expander Chain Length                                             ; 4               ; 4             ;
; Auto Parallel Expanders                                                    ; On              ; On            ;
; Auto Open-Drain Pins                                                       ; On              ; On            ;
; Auto Resource Sharing                                                      ; Off             ; Off           ;
; Maximum Fan-in Per Macrocell                                               ; 100             ; 100           ;
; Use LogicLock Constraints during Resource Balancing                        ; On              ; On            ;
; Ignore translate_off and synthesis_off directives                          ; Off             ; Off           ;
; Report Parameter Settings                                                  ; On              ; On            ;
; Report Source Assignments                                                  ; On              ; On            ;
; Report Connectivity Checks                                                 ; On              ; On            ;
; HDL message level                                                          ; Level2          ; Level2        ;
; Suppress Register Optimization Related Messages                            ; Off             ; Off           ;
; Number of Removed Registers Reported in Synthesis Report                   ; 5000            ; 5000          ;
; Number of Swept Nodes Reported in Synthesis Report                         ; 5000            ; 5000          ;
; Number of Inverted Registers Reported in Synthesis Report                  ; 100             ; 100           ;
; Block Design Naming                                                        ; Auto            ; Auto          ;
; Synthesis Effort                                                           ; Auto            ; Auto          ;
; Shift Register Replacement - Allow Asynchronous Clear Signal               ; On              ; On            ;
; Pre-Mapping Resynthesis Optimization                                       ; Off             ; Off           ;
; Analysis & Synthesis Message Level                                         ; Medium          ; Medium        ;
; Disable Register Merging Across Hierarchies                                ; Auto            ; Auto          ;
; Synthesis Seed                                                             ; 1               ; 1             ;
+----------------------------------------------------------------------------+-----------------+---------------+


Parallel compilation was disabled, but you have multiple processors available. Enable parallel compilation to reduce compilation time.
+-------------------------------------+
; Parallel Compilation                ;
+----------------------------+--------+
; Processors                 ; Number ;
+----------------------------+--------+
; Number detected on machine ; 8      ;
; Maximum allowed            ; 1      ;
+----------------------------+--------+


+----------------------------------------------------------------------------------------------------------------------------------------------------------------------------+
; Analysis & Synthesis Source Files Read                                                                                                                                     ;
+----------------------------------+-----------------+------------------------------------+------------------------------------------------------------------------+---------+
; File Name with User-Entered Path ; Used in Netlist ; File Type                          ; File Name with Absolute Path                                           ; Library ;
+----------------------------------+-----------------+------------------------------------+------------------------------------------------------------------------+---------+
; EletricPiano.vhd                 ; yes             ; User VHDL File                     ; C:/Users/AngusXu/Desktop/pill_music/EletricPiano.vhd                   ;         ;
; music_reader.vhd                 ; yes             ; User VHDL File                     ; C:/Users/AngusXu/Desktop/pill_music/music_reader.vhd                   ;         ;
; setting.vhd                      ; yes             ; User VHDL File                     ; C:/Users/AngusXu/Desktop/pill_music/setting.vhd                        ;         ;
; pill_music.bdf                   ; yes             ; User Block Diagram/Schematic File  ; C:/Users/AngusXu/Desktop/pill_music/pill_music.bdf                     ;         ;
; lpm_counter.tdf                  ; yes             ; Megafunction                       ; e:/altera/13.0/quartus/libraries/megafunctions/lpm_counter.tdf         ;         ;
; lpm_constant.inc                 ; yes             ; Megafunction                       ; e:/altera/13.0/quartus/libraries/megafunctions/lpm_constant.inc        ;         ;
; lpm_decode.inc                   ; yes             ; Megafunction                       ; e:/altera/13.0/quartus/libraries/megafunctions/lpm_decode.inc          ;         ;
; lpm_add_sub.inc                  ; yes             ; Megafunction                       ; e:/altera/13.0/quartus/libraries/megafunctions/lpm_add_sub.inc         ;         ;
; cmpconst.inc                     ; yes             ; Megafunction                       ; e:/altera/13.0/quartus/libraries/megafunctions/cmpconst.inc            ;         ;
; lpm_compare.inc                  ; yes             ; Megafunction                       ; e:/altera/13.0/quartus/libraries/megafunctions/lpm_compare.inc         ;         ;
; lpm_counter.inc                  ; yes             ; Megafunction                       ; e:/altera/13.0/quartus/libraries/megafunctions/lpm_counter.inc         ;         ;
; dffeea.inc                       ; yes             ; Megafunction                       ; e:/altera/13.0/quartus/libraries/megafunctions/dffeea.inc              ;         ;
; alt_counter_stratix.inc          ; yes             ; Megafunction                       ; e:/altera/13.0/quartus/libraries/megafunctions/alt_counter_stratix.inc ;         ;
; aglobal130.inc                   ; yes             ; Megafunction                       ; e:/altera/13.0/quartus/libraries/megafunctions/aglobal130.inc          ;         ;
+----------------------------------+-----------------+------------------------------------+------------------------------------------------------------------------+---------+


+------------------------------------------------+
; Analysis & Synthesis Resource Usage Summary    ;
+----------------------+-------------------------+
; Resource             ; Usage                   ;
+----------------------+-------------------------+
; Logic cells          ; 106                     ;
; Total registers      ; 67                      ;
; I/O pins             ; 33                      ;
; Shareable expanders  ; 10                      ;
; Parallel expanders   ; 6                       ;
; Maximum fan-out node ; setting:inst|working~14 ;
; Maximum fan-out      ; 82                      ;
; Total fan-out        ; 871                     ;
; Average fan-out      ; 5.85                    ;
+----------------------+-------------------------+


+-------------------------------------------------------------------------------------------------------------------------------------+
; Analysis & Synthesis Resource Utilization by Entity                                                                                 ;
+----------------------------------------+------------+------+---------------------------------------------------------+--------------+
; Compilation Hierarchy Node             ; Macrocells ; Pins ; Full Hierarchy Name                                     ; Library Name ;
+----------------------------------------+------------+------+---------------------------------------------------------+--------------+
; |pill_music                            ; 106        ; 33   ; |pill_music                                             ; work         ;
;    |ElectricPiano:inst2|               ; 12         ; 0    ; |pill_music|ElectricPiano:inst2                         ; work         ;
;       |lpm_counter:time1_rtl_0|        ; 8          ; 0    ; |pill_music|ElectricPiano:inst2|lpm_counter:time1_rtl_0 ; work         ;
;    |music_reader:inst1|                ; 5          ; 0    ; |pill_music|music_reader:inst1                          ; work         ;
;       |lpm_counter:count_rtl_0|        ; 4          ; 0    ; |pill_music|music_reader:inst1|lpm_counter:count_rtl_0  ; work         ;
;    |setting:inst|                      ; 89         ; 0    ; |pill_music|setting:inst                                ; work         ;
;       |lpm_counter:bot_num_h_rtl_0|    ; 4          ; 0    ; |pill_music|setting:inst|lpm_counter:bot_num_h_rtl_0    ; work         ;
;       |lpm_counter:total_pill_h_rtl_0| ; 4          ; 0    ; |pill_music|setting:inst|lpm_counter:total_pill_h_rtl_0 ; work         ;
+----------------------------------------+------------+------+---------------------------------------------------------+--------------+


+-------------------------------------------------------------------------------------------------------+
; User-Specified and Inferred Latches                                                                   ;
+----------------------------------------------------+-------------------------+------------------------+
; Latch Name                                         ; Latch Enable Signal     ; Free of Timing Hazards ;
+----------------------------------------------------+-------------------------+------------------------+
; setting:inst|working                               ; setting:inst|working    ; yes                    ;
; setting:inst|finish                                ; start                   ; yes                    ;
; setting:inst|alarm_temp                            ; setting:inst|alarm_temp ; yes                    ;
; Number of user-specified and inferred latches = 3  ;                         ;                        ;
+----------------------------------------------------+-------------------------+------------------------+
Note: All latches listed above may not be present at the end of synthesis due to various synthesis optimizations.


+----------------------------------------------------------------------------------------------+
; Parameter Settings for Inferred Entity Instance: setting:inst|lpm_counter:total_pill_h_rtl_0 ;
+------------------------+-------------------+-------------------------------------------------+
; Parameter Name         ; Value             ; Type                                            ;
+------------------------+-------------------+-------------------------------------------------+
; AUTO_CARRY_CHAINS      ; ON                ; AUTO_CARRY                                      ;
; IGNORE_CARRY_BUFFERS   ; OFF               ; IGNORE_CARRY                                    ;
; AUTO_CASCADE_CHAINS    ; ON                ; AUTO_CASCADE                                    ;
; IGNORE_CASCADE_BUFFERS ; OFF               ; IGNORE_CASCADE                                  ;
; LPM_WIDTH              ; 4                 ; Untyped                                         ;
; LPM_DIRECTION          ; UP                ; Untyped                                         ;
; LPM_MODULUS            ; 0                 ; Untyped                                         ;
; LPM_AVALUE             ; UNUSED            ; Untyped                                         ;
; LPM_SVALUE             ; UNUSED            ; Untyped                                         ;
; LPM_PORT_UPDOWN        ; PORT_CONNECTIVITY ; Untyped                                         ;
; DEVICE_FAMILY          ; MAX7000S          ; Untyped                                         ;
; CARRY_CHAIN            ; MANUAL            ; Untyped                                         ;
; CARRY_CHAIN_LENGTH     ; 48                ; CARRY_CHAIN_LENGTH                              ;
; NOT_GATE_PUSH_BACK     ; ON                ; NOT_GATE_PUSH_BACK                              ;
; CARRY_CNT_EN           ; SMART             ; Untyped                                         ;
; LABWIDE_SCLR           ; ON                ; Untyped                                         ;
; USE_NEW_VERSION        ; TRUE              ; Untyped                                         ;
; CBXI_PARAMETER         ; NOTHING           ; Untyped                                         ;
+------------------------+-------------------+-------------------------------------------------+
Note: In order to hide this table in the UI and the text report file, please set the "Show Parameter Settings in Synthesis Report" option in "Analysis and Synthesis Settings -> More Settings" to "Off".


+-------------------------------------------------------------------------------------------+
; Parameter Settings for Inferred Entity Instance: setting:inst|lpm_counter:bot_num_h_rtl_0 ;
+------------------------+-------------------+----------------------------------------------+
; Parameter Name         ; Value             ; Type                                         ;
+------------------------+-------------------+----------------------------------------------+
; AUTO_CARRY_CHAINS      ; ON                ; AUTO_CARRY                                   ;
; IGNORE_CARRY_BUFFERS   ; OFF               ; IGNORE_CARRY                                 ;
; AUTO_CASCADE_CHAINS    ; ON                ; AUTO_CASCADE                                 ;
; IGNORE_CASCADE_BUFFERS ; OFF               ; IGNORE_CASCADE                               ;
; LPM_WIDTH              ; 4                 ; Untyped                                      ;
; LPM_DIRECTION          ; UP                ; Untyped                                      ;
; LPM_MODULUS            ; 0                 ; Untyped                                      ;
; LPM_AVALUE             ; UNUSED            ; Untyped                                      ;
; LPM_SVALUE             ; UNUSED            ; Untyped                                      ;
; LPM_PORT_UPDOWN        ; PORT_CONNECTIVITY ; Untyped                                      ;
; DEVICE_FAMILY          ; MAX7000S          ; Untyped                                      ;
; CARRY_CHAIN            ; MANUAL            ; Untyped                                      ;
; CARRY_CHAIN_LENGTH     ; 48                ; CARRY_CHAIN_LENGTH                           ;
; NOT_GATE_PUSH_BACK     ; ON                ; NOT_GATE_PUSH_BACK                           ;
; CARRY_CNT_EN           ; SMART             ; Untyped                                      ;
; LABWIDE_SCLR           ; ON                ; Untyped                                      ;
; USE_NEW_VERSION        ; TRUE              ; Untyped                                      ;
; CBXI_PARAMETER         ; NOTHING           ; Untyped                                      ;
+------------------------+-------------------+----------------------------------------------+
Note: In order to hide this table in the UI and the text report file, please set the "Show Parameter Settings in Synthesis Report" option in "Analysis and Synthesis Settings -> More Settings" to "Off".


+---------------------------------------------------------------------------------------------+
; Parameter Settings for Inferred Entity Instance: music_reader:inst1|lpm_counter:count_rtl_0 ;
+------------------------+-------------------+------------------------------------------------+
; Parameter Name         ; Value             ; Type                                           ;
+------------------------+-------------------+------------------------------------------------+
; AUTO_CARRY_CHAINS      ; ON                ; AUTO_CARRY                                     ;
; IGNORE_CARRY_BUFFERS   ; OFF               ; IGNORE_CARRY                                   ;
; AUTO_CASCADE_CHAINS    ; ON                ; AUTO_CASCADE                                   ;
; IGNORE_CASCADE_BUFFERS ; OFF               ; IGNORE_CASCADE                                 ;
; LPM_WIDTH              ; 4                 ; Untyped                                        ;
; LPM_DIRECTION          ; UP                ; Untyped                                        ;
; LPM_MODULUS            ; 0                 ; Untyped                                        ;
; LPM_AVALUE             ; UNUSED            ; Untyped                                        ;
; LPM_SVALUE             ; UNUSED            ; Untyped                                        ;
; LPM_PORT_UPDOWN        ; PORT_CONNECTIVITY ; Untyped                                        ;
; DEVICE_FAMILY          ; MAX7000S          ; Untyped                                        ;
; CARRY_CHAIN            ; MANUAL            ; Untyped                                        ;
; CARRY_CHAIN_LENGTH     ; 48                ; CARRY_CHAIN_LENGTH                             ;
; NOT_GATE_PUSH_BACK     ; ON                ; NOT_GATE_PUSH_BACK                             ;
; CARRY_CNT_EN           ; SMART             ; Untyped                                        ;
; LABWIDE_SCLR           ; ON                ; Untyped                                        ;
; USE_NEW_VERSION        ; TRUE              ; Untyped                                        ;
; CBXI_PARAMETER         ; NOTHING           ; Untyped                                        ;
+------------------------+-------------------+------------------------------------------------+
Note: In order to hide this table in the UI and the text report file, please set the "Show Parameter Settings in Synthesis Report" option in "Analysis and Synthesis Settings -> More Settings" to "Off".


+----------------------------------------------------------------------------------------------+
; Parameter Settings for Inferred Entity Instance: ElectricPiano:inst2|lpm_counter:time1_rtl_0 ;
+------------------------+-------------------+-------------------------------------------------+
; Parameter Name         ; Value             ; Type                                            ;
+------------------------+-------------------+-------------------------------------------------+
; AUTO_CARRY_CHAINS      ; ON                ; AUTO_CARRY                                      ;
; IGNORE_CARRY_BUFFERS   ; OFF               ; IGNORE_CARRY                                    ;
; AUTO_CASCADE_CHAINS    ; ON                ; AUTO_CASCADE                                    ;
; IGNORE_CASCADE_BUFFERS ; OFF               ; IGNORE_CASCADE                                  ;
; LPM_WIDTH              ; 8                 ; Untyped                                         ;
; LPM_DIRECTION          ; UP                ; Untyped                                         ;
; LPM_MODULUS            ; 0                 ; Untyped                                         ;
; LPM_AVALUE             ; UNUSED            ; Untyped                                         ;
; LPM_SVALUE             ; UNUSED            ; Untyped                                         ;
; LPM_PORT_UPDOWN        ; PORT_CONNECTIVITY ; Untyped                                         ;
; DEVICE_FAMILY          ; MAX7000S          ; Untyped                                         ;
; CARRY_CHAIN            ; MANUAL            ; Untyped                                         ;
; CARRY_CHAIN_LENGTH     ; 48                ; CARRY_CHAIN_LENGTH                              ;
; NOT_GATE_PUSH_BACK     ; ON                ; NOT_GATE_PUSH_BACK                              ;
; CARRY_CNT_EN           ; SMART             ; Untyped                                         ;
; LABWIDE_SCLR           ; ON                ; Untyped                                         ;
; USE_NEW_VERSION        ; TRUE              ; Untyped                                         ;
; CBXI_PARAMETER         ; NOTHING           ; Untyped                                         ;
+------------------------+-------------------+-------------------------------------------------+
Note: In order to hide this table in the UI and the text report file, please set the "Show Parameter Settings in Synthesis Report" option in "Analysis and Synthesis Settings -> More Settings" to "Off".


+-------------------------------+
; Analysis & Synthesis Messages ;
+-------------------------------+
Info: *******************************************************************
Info: Running Quartus II 64-Bit Analysis & Synthesis
    Info: Version 13.0.0 Build 156 04/24/2013 SJ Web Edition
    Info: Processing started: Mon Sep 10 23:01:02 2018
Info: Command: quartus_map --read_settings_files=on --write_settings_files=off pill_music -c pill_music
Warning (20028): Parallel compilation is not licensed and has been disabled
Info (12021): Found 2 design units, including 1 entities, in source file eletricpiano.vhd
    Info (12022): Found design unit 1: ElectricPiano-ACT
    Info (12023): Found entity 1: ElectricPiano
Info (12021): Found 2 design units, including 1 entities, in source file music_reader.vhd
    Info (12022): Found design unit 1: music_reader-behaviour
    Info (12023): Found entity 1: music_reader
Info (12021): Found 2 design units, including 1 entities, in source file setting.vhd
    Info (12022): Found design unit 1: setting-implement
    Info (12023): Found entity 1: setting
Info (12021): Found 1 design units, including 1 entities, in source file pill_music.bdf
    Info (12023): Found entity 1: pill_music
Info (12127): Elaborating entity "pill_music" for the top level hierarchy
Info (12128): Elaborating entity "setting" for hierarchy "setting:inst"
Warning (10492): VHDL Process Statement warning at setting.vhd(145): signal "set_pil_per_bot_h" is read inside the Process Statement but isn't in the Process Statement's sensitivity list
Warning (10492): VHDL Process Statement warning at setting.vhd(145): signal "working" is read inside the Process Statement but isn't in the Process Statement's sensitivity list
Warning (10492): VHDL Process Statement warning at setting.vhd(148): signal "set_pil_per_bot_h" is read inside the Process Statement but isn't in the Process Statement's sensitivity list
Warning (10492): VHDL Process Statement warning at setting.vhd(148): signal "working" is read inside the Process Statement but isn't in the Process Statement's sensitivity list
Warning (10492): VHDL Process Statement warning at setting.vhd(155): signal "total_pill_l" is read inside the Process Statement but isn't in the Process Statement's sensitivity list
Warning (10492): VHDL Process Statement warning at setting.vhd(155): signal "set_total_pill_l" is read inside the Process Statement but isn't in the Process Statement's sensitivity list
Warning (10492): VHDL Process Statement warning at setting.vhd(155): signal "total_pill_m" is read inside the Process Statement but isn't in the Process Statement's sensitivity list
Warning (10492): VHDL Process Statement warning at setting.vhd(155): signal "set_total_pill_m" is read inside the Process Statement but isn't in the Process Statement's sensitivity list
Warning (10492): VHDL Process Statement warning at setting.vhd(155): signal "total_pill_h" is read inside the Process Statement but isn't in the Process Statement's sensitivity list
Warning (10492): VHDL Process Statement warning at setting.vhd(155): signal "set_total_pill_h" is read inside the Process Statement but isn't in the Process Statement's sensitivity list
Warning (10492): VHDL Process Statement warning at setting.vhd(155): signal "working" is read inside the Process Statement but isn't in the Process Statement's sensitivity list
Warning (10631): VHDL Process Statement warning at setting.vhd(142): inferring latch(es) for signal or variable "working", which holds its previous value in one or more paths through the process
Warning (10631): VHDL Process Statement warning at setting.vhd(142): inferring latch(es) for signal or variable "alarm_temp", which holds its previous value in one or more paths through the process
Warning (10631): VHDL Process Statement warning at setting.vhd(142): inferring latch(es) for signal or variable "finish", which holds its previous value in one or more paths through the process
Warning (10492): VHDL Process Statement warning at setting.vhd(244): signal "working" is read inside the Process Statement but isn't in the Process Statement's sensitivity list
Info (10041): Inferred latch for "finish" at setting.vhd(142)
Info (10041): Inferred latch for "alarm_temp" at setting.vhd(142)
Info (10041): Inferred latch for "working" at setting.vhd(142)
Info (12128): Elaborating entity "ElectricPiano" for hierarchy "ElectricPiano:inst2"
Warning (10492): VHDL Process Statement warning at EletricPiano.vhd(32): signal "COUNT" is read inside the Process Statement but isn't in the Process Statement's sensitivity list
Info (12128): Elaborating entity "music_reader" for hierarchy "music_reader:inst1"
Info (19000): Inferred 4 megafunctions from design logic
    Info (19001): Inferred lpm_counter megafunction (LPM_WIDTH=4) from the following logic: "setting:inst|total_pill_h_rtl_0"
    Info (19001): Inferred lpm_counter megafunction (LPM_WIDTH=4) from the following logic: "setting:inst|bot_num_h_rtl_0"
    Info (19001): Inferred lpm_counter megafunction (LPM_WIDTH=4) from the following logic: "music_reader:inst1|count_rtl_0"
    Info (19001): Inferred lpm_counter megafunction (LPM_WIDTH=8) from the following logic: "ElectricPiano:inst2|time1_rtl_0"
Info (12130): Elaborated megafunction instantiation "setting:inst|lpm_counter:total_pill_h_rtl_0"
Info (12133): Instantiated megafunction "setting:inst|lpm_counter:total_pill_h_rtl_0" with the following parameter:
    Info (12134): Parameter "LPM_WIDTH" = "4"
    Info (12134): Parameter "LPM_DIRECTION" = "UP"
    Info (12134): Parameter "LPM_TYPE" = "LPM_COUNTER"
Info (12130): Elaborated megafunction instantiation "music_reader:inst1|lpm_counter:count_rtl_0"
Info (12133): Instantiated megafunction "music_reader:inst1|lpm_counter:count_rtl_0" with the following parameter:
    Info (12134): Parameter "LPM_WIDTH" = "4"
    Info (12134): Parameter "LPM_DIRECTION" = "UP"
    Info (12134): Parameter "LPM_TYPE" = "LPM_COUNTER"
Info (12130): Elaborated megafunction instantiation "ElectricPiano:inst2|lpm_counter:time1_rtl_0"
Info (12133): Instantiated megafunction "ElectricPiano:inst2|lpm_counter:time1_rtl_0" with the following parameter:
    Info (12134): Parameter "LPM_WIDTH" = "8"
    Info (12134): Parameter "LPM_DIRECTION" = "UP"
    Info (12134): Parameter "LPM_TYPE" = "LPM_COUNTER"
Info (21057): Implemented 149 device resources after synthesis - the final resource count might be different
    Info (21058): Implemented 8 input pins
    Info (21059): Implemented 25 output pins
    Info (21063): Implemented 106 macrocells
    Info (21073): Implemented 10 shareable expanders
Info: Quartus II 64-Bit Analysis & Synthesis was successful. 0 errors, 17 warnings
    Info: Peak virtual memory: 4647 megabytes
    Info: Processing ended: Mon Sep 10 23:01:05 2018
    Info: Elapsed time: 00:00:03
    Info: Total CPU time (on all processors): 00:00:03


