Flow report for pill_music
Mon Sep 10 23:01:15 2018
Quartus II 64-Bit Version 13.0.0 Build 156 04/24/2013 SJ Web Edition


---------------------
; Table of Contents ;
---------------------
  1. Legal Notice
  2. Flow Summary
  3. Flow Settings
  4. Flow Non-Default Global Settings
  5. Flow Elapsed Time
  6. Flow OS Summary
  7. Flow Log
  8. Flow Messages
  9. Flow Suppressed Messages



----------------
; Legal Notice ;
----------------
Copyright (C) 1991-2013 Altera Corporation
Your use of Altera Corporation's design tools, logic functions 
and other software and tools, and its AMPP partner logic 
functions, and any output files from any of the foregoing 
(including device programming or simulation files), and any 
associated documentation or information are expressly subject 
to the terms and conditions of the Altera Program License 
Subscription Agreement, Altera MegaCore Function License 
Agreement, or other applicable license agreement, including, 
without limitation, that your use is for the sole purpose of 
programming logic devices manufactured by Altera and sold by 
Altera or its authorized distributors.  Please refer to the 
applicable agreement for further details.



+------------------------------------------------------------------------+
; Flow Summary                                                           ;
+---------------------------+--------------------------------------------+
; Flow Status               ; Successful - Mon Sep 10 23:01:12 2018      ;
; Quartus II 64-Bit Version ; 13.0.0 Build 156 04/24/2013 SJ Web Edition ;
; Revision Name             ; pill_music                                 ;
; Top-level Entity Name     ; pill_music                                 ;
; Family                    ; MAX7000S                                   ;
; Device                    ; EPM7128SLC84-15                            ;
; Timing Models             ; Final                                      ;
; Total macrocells          ; 106 / 128 ( 83 % )                         ;
; Total pins                ; 37 / 68 ( 54 % )                           ;
+---------------------------+--------------------------------------------+


+-----------------------------------------+
; Flow Settings                           ;
+-------------------+---------------------+
; Option            ; Setting             ;
+-------------------+---------------------+
; Start date & time ; 09/10/2018 23:01:02 ;
; Main task         ; Compilation         ;
; Revision Name     ; pill_music          ;
+-------------------+---------------------+


+----------------------------------------------------------------------------------------------------------------------------------------------+
; Flow Non-Default Global Settings                                                                                                             ;
+------------------------------------+----------------------------------------------------------+---------------+-------------+----------------+
; Assignment Name                    ; Value                                                    ; Default Value ; Entity Name ; Section Id     ;
+------------------------------------+----------------------------------------------------------+---------------+-------------+----------------+
; COMPILER_SIGNATURE_ID              ; 193675814068966.153659166214004                          ; --            ; --          ; --             ;
; MAX7000_OPTIMIZATION_TECHNIQUE     ; Area                                                     ; Speed         ; --          ; --             ;
; MAX_CORE_JUNCTION_TEMP             ; 85                                                       ; --            ; --          ; --             ;
; MIN_CORE_JUNCTION_TEMP             ; 0                                                        ; --            ; --          ; --             ;
; MISC_FILE                          ; C:/Users/Administrator/Desktop/pill_music/pill_music.dpf ; --            ; --          ; --             ;
; SYNTH_TIMING_DRIVEN_SYNTHESIS      ; Off                                                      ; --            ; --          ; --             ;
; USE_GENERATED_PHYSICAL_CONSTRAINTS ; Off                                                      ; --            ; --          ; eda_blast_fpga ;
+------------------------------------+----------------------------------------------------------+---------------+-------------+----------------+


+-------------------------------------------------------------------------------------------------------------------------------+
; Flow Elapsed Time                                                                                                             ;
+---------------------------+--------------+-------------------------+---------------------+------------------------------------+
; Module Name               ; Elapsed Time ; Average Processors Used ; Peak Virtual Memory ; Total CPU Time (on all processors) ;
+---------------------------+--------------+-------------------------+---------------------+------------------------------------+
; Analysis & Synthesis      ; 00:00:03     ; 1.0                     ; 4647 MB             ; 00:00:03                           ;
; Fitter                    ; 00:00:01     ; 1.0                     ; 4732 MB             ; 00:00:01                           ;
; Assembler                 ; 00:00:01     ; 1.0                     ; 4540 MB             ; 00:00:01                           ;
; TimeQuest Timing Analyzer ; 00:00:02     ; 1.0                     ; 4554 MB             ; 00:00:01                           ;
; Total                     ; 00:00:07     ; --                      ; --                  ; 00:00:06                           ;
+---------------------------+--------------+-------------------------+---------------------+------------------------------------+


+----------------------------------------------------------------------------------------+
; Flow OS Summary                                                                        ;
+---------------------------+------------------+-----------+------------+----------------+
; Module Name               ; Machine Hostname ; OS Name   ; OS Version ; Processor type ;
+---------------------------+------------------+-----------+------------+----------------+
; Analysis & Synthesis      ; DESKTOP-BA9634G  ; Windows 7 ; 6.2        ; x86_64         ;
; Fitter                    ; DESKTOP-BA9634G  ; Windows 7 ; 6.2        ; x86_64         ;
; Assembler                 ; DESKTOP-BA9634G  ; Windows 7 ; 6.2        ; x86_64         ;
; TimeQuest Timing Analyzer ; DESKTOP-BA9634G  ; Windows 7 ; 6.2        ; x86_64         ;
+---------------------------+------------------+-----------+------------+----------------+


------------
; Flow Log ;
------------
quartus_map --read_settings_files=on --write_settings_files=off pill_music -c pill_music
quartus_fit --read_settings_files=off --write_settings_files=off pill_music -c pill_music
quartus_asm --read_settings_files=off --write_settings_files=off pill_music -c pill_music
quartus_sta pill_music -c pill_music



